<?xml version="1.0" encoding="UTF-8"?>
<testsuite name="UtilClassTests" tests="2" skipped="0" failures="0" errors="0" timestamp="2023-06-28T07:14:10" hostname="MIKE-PC" time="1.356">
  <properties/>
  <testcase name="givenMockStatic_whenUsingMockStatic_thenStaticMethodMocked()" classname="UtilClassTests" time="1.284"/>
  <testcase name="testObjectWrappingTechnique()" classname="UtilClassTests" time="0.071"/>
  <system-out><![CDATA[]]></system-out>
  <system-err><![CDATA[]]></system-err>
</testsuite>
